[32m2025-06-02 06:49:56.940[0;39m [INFO] com.hexaware.roadready.car.CarRentalSystemApplication [main] Starting CarRentalSystemApplication using Java 21.0.6 with PID 12384 (C:\Users\KAVIYA\Documents\workspace-spring\CarRentalSystem\target\classes started by KAVIYA in C:\Users\KAVIYA\Documents\workspace-spring\CarRentalSystem)
[32m2025-06-02 06:49:56.948[0;39m [INFO] com.hexaware.roadready.car.CarRentalSystemApplication [main] No active profile set, falling back to 1 default profile: "default"
[32m2025-06-02 06:49:58.852[0;39m [INFO] org.springframework.data.repository.config.RepositoryConfigurationDelegate [main] Bootstrapping Spring Data JPA repositories in DEFAULT mode.
[32m2025-06-02 06:49:59.051[0;39m [INFO] org.springframework.data.repository.config.RepositoryConfigurationDelegate [main] Finished Spring Data repository scanning in 177 ms. Found 5 JPA repository interfaces.
[32m2025-06-02 06:50:00.452[0;39m [INFO] org.springframework.boot.web.embedded.tomcat.TomcatWebServer [main] Tomcat initialized with port 8080 (http)
[32m2025-06-02 06:50:00.490[0;39m [INFO] org.apache.catalina.core.StandardService [main] Starting service [Tomcat]
[32m2025-06-02 06:50:00.491[0;39m [INFO] org.apache.catalina.core.StandardEngine [main] Starting Servlet engine: [Apache Tomcat/10.1.41]
[32m2025-06-02 06:50:00.698[0;39m [INFO] org.apache.catalina.core.ContainerBase.[Tomcat].[localhost].[/] [main] Initializing Spring embedded WebApplicationContext
[32m2025-06-02 06:50:00.700[0;39m [INFO] org.springframework.boot.web.servlet.context.ServletWebServerApplicationContext [main] Root WebApplicationContext: initialization completed in 3659 ms
[32m2025-06-02 06:50:01.157[0;39m [INFO] org.hibernate.jpa.internal.util.LogHelper [main] HHH000204: Processing PersistenceUnitInfo [name: default]
[32m2025-06-02 06:50:01.430[0;39m [INFO] org.hibernate.Version [main] HHH000412: Hibernate ORM core version 6.6.15.Final
[32m2025-06-02 06:50:01.626[0;39m [INFO] org.hibernate.cache.internal.RegionFactoryInitiator [main] HHH000026: Second-level cache disabled
[32m2025-06-02 06:50:02.467[0;39m [INFO] org.springframework.orm.jpa.persistenceunit.SpringPersistenceUnitInfo [main] No LoadTimeWeaver setup: ignoring JPA class transformer
[32m2025-06-02 06:50:02.529[0;39m [INFO] com.zaxxer.hikari.HikariDataSource [main] HikariPool-1 - Starting...
[32m2025-06-02 06:50:03.437[0;39m [INFO] com.zaxxer.hikari.pool.HikariPool [main] HikariPool-1 - Added connection com.mysql.cj.jdbc.ConnectionImpl@49fe0bcd
[32m2025-06-02 06:50:03.441[0;39m [INFO] com.zaxxer.hikari.HikariDataSource [main] HikariPool-1 - Start completed.
[32m2025-06-02 06:50:03.618[0;39m [INFO] org.hibernate.orm.connections.pooling [main] HHH10001005: Database info:
	Database JDBC URL [Connecting through datasource 'HikariDataSource (HikariPool-1)']
	Database driver: undefined/unknown
	Database version: 8.0.41
	Autocommit mode: undefined/unknown
	Isolation level: undefined/unknown
	Minimum pool size: undefined/unknown
	Maximum pool size: undefined/unknown
[32m2025-06-02 06:50:05.738[0;39m [INFO] org.hibernate.engine.transaction.jta.platform.internal.JtaPlatformInitiator [main] HHH000489: No JTA platform available (set 'hibernate.transaction.jta.platform' to enable JTA platform integration)
[32m2025-06-02 06:50:06.154[0;39m [INFO] org.springframework.orm.jpa.LocalContainerEntityManagerFactoryBean [main] Initialized JPA EntityManagerFactory for persistence unit 'default'
[32m2025-06-02 06:50:07.177[0;39m [INFO] org.springframework.security.config.annotation.authentication.configuration.InitializeAuthenticationProviderBeanManagerConfigurer$InitializeAuthenticationProviderManagerConfigurer [main] Global AuthenticationManager configured with AuthenticationProvider bean with name authenticationProvider
[32m2025-06-02 06:50:07.178[0;39m [WARN] org.springframework.security.config.annotation.authentication.configuration.InitializeUserDetailsBeanManagerConfigurer$InitializeUserDetailsManagerConfigurer [main] Global AuthenticationManager configured with an AuthenticationProvider bean. UserDetailsService beans will not be used by Spring Security for automatically configuring username/password login. Consider removing the AuthenticationProvider bean. Alternatively, consider using the UserDetailsService in a manually instantiated DaoAuthenticationProvider. If the current configuration is intentional, to turn off this warning, increase the logging level of 'org.springframework.security.config.annotation.authentication.configuration.InitializeUserDetailsBeanManagerConfigurer' to ERROR
[32m2025-06-02 06:50:07.331[0;39m [WARN] org.springframework.boot.autoconfigure.orm.jpa.JpaBaseConfiguration$JpaWebConfiguration [main] spring.jpa.open-in-view is enabled by default. Therefore, database queries may be performed during view rendering. Explicitly configure spring.jpa.open-in-view to disable this warning
[32m2025-06-02 06:50:08.916[0;39m [INFO] org.springframework.boot.web.embedded.tomcat.TomcatWebServer [main] Tomcat started on port 8080 (http) with context path '/'
[32m2025-06-02 06:50:08.934[0;39m [INFO] com.hexaware.roadready.car.CarRentalSystemApplication [main] Started CarRentalSystemApplication in 13.059 seconds (process running for 54.143)
[32m2025-06-02 06:57:56.693[0;39m [INFO] org.apache.catalina.core.ContainerBase.[Tomcat].[localhost].[/] [http-nio-8080-exec-1] Initializing Spring DispatcherServlet 'dispatcherServlet'
[32m2025-06-02 06:57:56.694[0;39m [INFO] org.springframework.web.servlet.DispatcherServlet [http-nio-8080-exec-1] Initializing Servlet 'dispatcherServlet'
[32m2025-06-02 06:57:56.699[0;39m [INFO] org.springframework.web.servlet.DispatcherServlet [http-nio-8080-exec-1] Completed initialization in 5 ms
[32m2025-06-02 06:57:57.639[0;39m [INFO] com.hexaware.roadready.car.restcontroller.ReservationsRestController [http-nio-8080-exec-1] API call: Get reservation by ID
[32m2025-06-02 06:57:57.640[0;39m [INFO] com.hexaware.roadready.car.service.ReservationsServiceImp [http-nio-8080-exec-1] Fetching reservation with ID: 101
[32m2025-06-02 06:58:27.433[0;39m [INFO] com.hexaware.roadready.car.restcontroller.ReservationsRestController [http-nio-8080-exec-4] API call: Get reservation by ID
[32m2025-06-02 06:58:27.434[0;39m [INFO] com.hexaware.roadready.car.service.ReservationsServiceImp [http-nio-8080-exec-4] Fetching reservation with ID: 101
[32m2025-06-02 06:58:54.450[0;39m [INFO] com.hexaware.roadready.car.restcontroller.ReservationsRestController [http-nio-8080-exec-5] API call: Get reservations by user ID
[32m2025-06-02 06:58:54.451[0;39m [INFO] com.hexaware.roadready.car.service.ReservationsServiceImp [http-nio-8080-exec-5] Fetching reservations for userId: 3
[32m2025-06-02 06:59:12.159[0;39m [INFO] com.hexaware.roadready.car.restcontroller.ReservationsRestController [http-nio-8080-exec-6] API call: Get reservations by car ID
[32m2025-06-02 06:59:12.160[0;39m [INFO] com.hexaware.roadready.car.service.ReservationsServiceImp [http-nio-8080-exec-6] Fetching reservations for carId: 1
[32m2025-06-02 07:00:49.384[0;39m [INFO] com.hexaware.roadready.car.restcontroller.ReservationsRestController [http-nio-8080-exec-9] API call: Update reservation
[32m2025-06-02 07:00:49.384[0;39m [INFO] com.hexaware.roadready.car.service.ReservationsServiceImp [http-nio-8080-exec-9] Updating reservation with ID: 101
[32m2025-06-02 07:00:49.561[0;39m [INFO] com.hexaware.roadready.car.service.ReservationsServiceImp [http-nio-8080-exec-9] Reservation updated with ID: 101
[32m2025-06-02 07:07:01.828[0;39m [INFO] com.hexaware.roadready.car.restcontroller.PaymentsRestController [http-nio-8080-exec-1] Received request to fetch payment with ID: 1001
[32m2025-06-02 07:07:01.828[0;39m [INFO] com.hexaware.roadready.car.service.PaymentsServiceImp [http-nio-8080-exec-1] Fetching payment with ID: 1001
[32m2025-06-02 07:08:11.699[0;39m [INFO] com.hexaware.roadready.car.restcontroller.PaymentsRestController [http-nio-8080-exec-5] Received request to fetch payment by reservationId: 102
[32m2025-06-02 07:08:11.700[0;39m [INFO] com.hexaware.roadready.car.service.PaymentsServiceImp [http-nio-8080-exec-5] Fetching payment for reservationId: 102
[32m2025-06-02 07:12:26.948[0;39m [INFO] com.hexaware.roadready.car.restcontroller.ReviewsRestController [http-nio-8080-exec-8] API call: Add new review
[32m2025-06-02 07:14:52.171[0;39m [INFO] com.hexaware.roadready.car.restcontroller.ReviewsRestController [http-nio-8080-exec-10] API call: Get review by ID: 2001
[32m2025-06-02 07:14:52.171[0;39m [INFO] com.hexaware.roadready.car.service.ReviewsServiceImp [http-nio-8080-exec-10] Fetching review with ID: 2001
[32m2025-06-02 07:15:30.704[0;39m [INFO] com.hexaware.roadready.car.restcontroller.ReviewsRestController [http-nio-8080-exec-2] API call: Get reviews by carId: 3
[32m2025-06-02 07:15:30.705[0;39m [INFO] com.hexaware.roadready.car.service.ReviewsServiceImp [http-nio-8080-exec-2] Fetching reviews for carId: 3
[32m2025-06-02 07:15:45.714[0;39m [INFO] com.hexaware.roadready.car.restcontroller.ReviewsRestController [http-nio-8080-exec-1] API call: Get reviews by userId: 1
[32m2025-06-02 07:15:45.715[0;39m [INFO] com.hexaware.roadready.car.service.ReviewsServiceImp [http-nio-8080-exec-1] Fetching reviews by userId: 1
[32m2025-06-02 07:34:01.938[0;39m [INFO] org.springframework.boot.admin.SpringApplicationAdminMXBeanRegistrar$SpringApplicationAdmin [RMI TCP Connection(47)-127.0.0.1] Application shutdown requested.
[32m2025-06-02 07:34:01.946[0;39m [INFO] org.springframework.boot.web.embedded.tomcat.GracefulShutdown [RMI TCP Connection(47)-127.0.0.1] Commencing graceful shutdown. Waiting for active requests to complete
[32m2025-06-02 07:34:01.962[0;39m [INFO] org.springframework.boot.web.embedded.tomcat.GracefulShutdown [tomcat-shutdown] Graceful shutdown complete
[32m2025-06-02 07:34:01.975[0;39m [INFO] org.springframework.orm.jpa.LocalContainerEntityManagerFactoryBean [RMI TCP Connection(47)-127.0.0.1] Closing JPA EntityManagerFactory for persistence unit 'default'
[32m2025-06-02 07:34:01.980[0;39m [INFO] com.zaxxer.hikari.HikariDataSource [RMI TCP Connection(47)-127.0.0.1] HikariPool-1 - Shutdown initiated...
[32m2025-06-02 07:34:01.993[0;39m [INFO] com.zaxxer.hikari.HikariDataSource [RMI TCP Connection(47)-127.0.0.1] HikariPool-1 - Shutdown completed.
[32m2025-06-02 09:17:42.941[0;39m [INFO] com.hexaware.roadready.car.CarRentalSystemApplication [main] Starting CarRentalSystemApplication using Java 21.0.6 with PID 9196 (C:\Users\KAVIYA\Documents\workspace-spring\CarRentalSystem\target\classes started by KAVIYA in C:\Users\KAVIYA\Documents\workspace-spring\CarRentalSystem)
[32m2025-06-02 09:17:42.948[0;39m [INFO] com.hexaware.roadready.car.CarRentalSystemApplication [main] No active profile set, falling back to 1 default profile: "default"
[32m2025-06-02 09:17:45.685[0;39m [INFO] org.springframework.data.repository.config.RepositoryConfigurationDelegate [main] Bootstrapping Spring Data JPA repositories in DEFAULT mode.
[32m2025-06-02 09:17:45.942[0;39m [INFO] org.springframework.data.repository.config.RepositoryConfigurationDelegate [main] Finished Spring Data repository scanning in 225 ms. Found 5 JPA repository interfaces.
[32m2025-06-02 09:17:47.743[0;39m [INFO] org.springframework.boot.web.embedded.tomcat.TomcatWebServer [main] Tomcat initialized with port 8080 (http)
[32m2025-06-02 09:17:47.790[0;39m [INFO] org.apache.catalina.core.StandardService [main] Starting service [Tomcat]
[32m2025-06-02 09:17:47.791[0;39m [INFO] org.apache.catalina.core.StandardEngine [main] Starting Servlet engine: [Apache Tomcat/10.1.41]
[32m2025-06-02 09:17:48.005[0;39m [INFO] org.apache.catalina.core.ContainerBase.[Tomcat].[localhost].[/] [main] Initializing Spring embedded WebApplicationContext
[32m2025-06-02 09:17:48.006[0;39m [INFO] org.springframework.boot.web.servlet.context.ServletWebServerApplicationContext [main] Root WebApplicationContext: initialization completed in 4899 ms
[32m2025-06-02 09:17:48.429[0;39m [INFO] org.hibernate.jpa.internal.util.LogHelper [main] HHH000204: Processing PersistenceUnitInfo [name: default]
[32m2025-06-02 09:17:48.653[0;39m [INFO] org.hibernate.Version [main] HHH000412: Hibernate ORM core version 6.6.15.Final
[32m2025-06-02 09:17:48.820[0;39m [INFO] org.hibernate.cache.internal.RegionFactoryInitiator [main] HHH000026: Second-level cache disabled
[32m2025-06-02 09:17:49.790[0;39m [INFO] org.springframework.orm.jpa.persistenceunit.SpringPersistenceUnitInfo [main] No LoadTimeWeaver setup: ignoring JPA class transformer
[32m2025-06-02 09:17:49.907[0;39m [INFO] com.zaxxer.hikari.HikariDataSource [main] HikariPool-1 - Starting...
[32m2025-06-02 09:17:51.148[0;39m [INFO] com.zaxxer.hikari.pool.HikariPool [main] HikariPool-1 - Added connection com.mysql.cj.jdbc.ConnectionImpl@42238078
[32m2025-06-02 09:17:51.156[0;39m [INFO] com.zaxxer.hikari.HikariDataSource [main] HikariPool-1 - Start completed.
[32m2025-06-02 09:17:51.644[0;39m [INFO] org.hibernate.orm.connections.pooling [main] HHH10001005: Database info:
	Database JDBC URL [Connecting through datasource 'HikariDataSource (HikariPool-1)']
	Database driver: undefined/unknown
	Database version: 8.0.41
	Autocommit mode: undefined/unknown
	Isolation level: undefined/unknown
	Minimum pool size: undefined/unknown
	Maximum pool size: undefined/unknown
[32m2025-06-02 09:17:54.897[0;39m [INFO] org.hibernate.engine.transaction.jta.platform.internal.JtaPlatformInitiator [main] HHH000489: No JTA platform available (set 'hibernate.transaction.jta.platform' to enable JTA platform integration)
[32m2025-06-02 09:17:55.641[0;39m [INFO] org.springframework.orm.jpa.LocalContainerEntityManagerFactoryBean [main] Initialized JPA EntityManagerFactory for persistence unit 'default'
[32m2025-06-02 09:17:57.034[0;39m [INFO] org.springframework.security.config.annotation.authentication.configuration.InitializeAuthenticationProviderBeanManagerConfigurer$InitializeAuthenticationProviderManagerConfigurer [main] Global AuthenticationManager configured with AuthenticationProvider bean with name authenticationProvider
[32m2025-06-02 09:17:57.036[0;39m [WARN] org.springframework.security.config.annotation.authentication.configuration.InitializeUserDetailsBeanManagerConfigurer$InitializeUserDetailsManagerConfigurer [main] Global AuthenticationManager configured with an AuthenticationProvider bean. UserDetailsService beans will not be used by Spring Security for automatically configuring username/password login. Consider removing the AuthenticationProvider bean. Alternatively, consider using the UserDetailsService in a manually instantiated DaoAuthenticationProvider. If the current configuration is intentional, to turn off this warning, increase the logging level of 'org.springframework.security.config.annotation.authentication.configuration.InitializeUserDetailsBeanManagerConfigurer' to ERROR
[32m2025-06-02 09:17:57.408[0;39m [WARN] org.springframework.boot.autoconfigure.orm.jpa.JpaBaseConfiguration$JpaWebConfiguration [main] spring.jpa.open-in-view is enabled by default. Therefore, database queries may be performed during view rendering. Explicitly configure spring.jpa.open-in-view to disable this warning
[32m2025-06-02 09:17:59.253[0;39m [INFO] org.springframework.boot.web.embedded.tomcat.TomcatWebServer [main] Tomcat started on port 8080 (http) with context path '/'
[32m2025-06-02 09:17:59.283[0;39m [INFO] com.hexaware.roadready.car.CarRentalSystemApplication [main] Started CarRentalSystemApplication in 17.771 seconds (process running for 19.742)
[32m2025-06-02 09:18:53.861[0;39m [INFO] org.apache.catalina.core.ContainerBase.[Tomcat].[localhost].[/] [http-nio-8080-exec-1] Initializing Spring DispatcherServlet 'dispatcherServlet'
[32m2025-06-02 09:18:53.861[0;39m [INFO] org.springframework.web.servlet.DispatcherServlet [http-nio-8080-exec-1] Initializing Servlet 'dispatcherServlet'
[32m2025-06-02 09:18:53.866[0;39m [INFO] org.springframework.web.servlet.DispatcherServlet [http-nio-8080-exec-1] Completed initialization in 4 ms
[32m2025-06-02 09:18:54.650[0;39m [INFO] com.hexaware.roadready.car.restcontroller.CarsRestController [http-nio-8080-exec-1] Request to get all cars
[32m2025-06-02 09:18:54.651[0;39m [INFO] com.hexaware.roadready.car.service.CarsServiceImp [http-nio-8080-exec-1] Fetching all cars
[32m2025-06-02 09:19:52.378[0;39m [INFO] com.hexaware.roadready.car.restcontroller.CarsRestController [http-nio-8080-exec-4] Request to get all cars
[32m2025-06-02 09:19:52.379[0;39m [INFO] com.hexaware.roadready.car.service.CarsServiceImp [http-nio-8080-exec-4] Fetching all cars
[32m2025-06-02 09:23:14.377[0;39m [INFO] com.hexaware.roadready.car.restcontroller.UsersRestController [http-nio-8080-exec-7] Fetching all users
[32m2025-06-02 09:23:14.379[0;39m [INFO] com.hexaware.roadready.car.service.UsersServiceImp [http-nio-8080-exec-7] Fetching all users
[32m2025-06-02 09:24:25.360[0;39m [INFO] com.hexaware.roadready.car.restcontroller.ReservationsRestController [http-nio-8080-exec-10] API call: Get reservation by ID
[32m2025-06-02 09:24:25.361[0;39m [INFO] com.hexaware.roadready.car.service.ReservationsServiceImp [http-nio-8080-exec-10] Fetching reservation with ID: 102
[32m2025-06-02 10:01:05.283[0;39m [ERROR] org.apache.catalina.core.ContainerBase.[Tomcat].[localhost].[/].[dispatcherServlet] [http-nio-8080-exec-3] Servlet.service() for servlet [dispatcherServlet] in context with path [] threw exception
io.jsonwebtoken.ExpiredJwtException: JWT expired at 2025-06-02T04:11:57Z. Current time: 2025-06-02T04:31:05Z, a difference of 1148278 milliseconds.  Allowed clock skew: 0 milliseconds.
	at io.jsonwebtoken.impl.DefaultJwtParser.parse(DefaultJwtParser.java:427)
	at io.jsonwebtoken.impl.DefaultJwtParser.parse(DefaultJwtParser.java:529)
	at io.jsonwebtoken.impl.DefaultJwtParser.parseClaimsJws(DefaultJwtParser.java:589)
	at io.jsonwebtoken.impl.ImmutableJwtParser.parseClaimsJws(ImmutableJwtParser.java:173)
	at com.hexaware.roadready.car.service.JWTService.extractAllClaims(JWTService.java:39)
	at com.hexaware.roadready.car.service.JWTService.extractClaim(JWTService.java:31)
	at com.hexaware.roadready.car.service.JWTService.extractUsername(JWTService.java:21)
	at com.hexaware.roadready.car.filter.JwtAuthFilter.doFilterInternal(JwtAuthFilter.java:40)
	at org.springframework.web.filter.OncePerRequestFilter.doFilter(OncePerRequestFilter.java:116)
	at org.springframework.security.web.FilterChainProxy$VirtualFilterChain.doFilter(FilterChainProxy.java:374)
	at org.springframework.security.web.authentication.logout.LogoutFilter.doFilter(LogoutFilter.java:107)
	at org.springframework.security.web.authentication.logout.LogoutFilter.doFilter(LogoutFilter.java:93)
	at org.springframework.security.web.FilterChainProxy$VirtualFilterChain.doFilter(FilterChainProxy.java:374)
	at org.springframework.security.web.header.HeaderWriterFilter.doHeadersAfter(HeaderWriterFilter.java:90)
	at org.springframework.security.web.header.HeaderWriterFilter.doFilterInternal(HeaderWriterFilter.java:75)
	at org.springframework.web.filter.OncePerRequestFilter.doFilter(OncePerRequestFilter.java:116)
	at org.springframework.security.web.FilterChainProxy$VirtualFilterChain.doFilter(FilterChainProxy.java:374)
	at org.springframework.security.web.context.SecurityContextHolderFilter.doFilter(SecurityContextHolderFilter.java:82)
	at org.springframework.security.web.context.SecurityContextHolderFilter.doFilter(SecurityContextHolderFilter.java:69)
	at org.springframework.security.web.FilterChainProxy$VirtualFilterChain.doFilter(FilterChainProxy.java:374)
	at org.springframework.security.web.context.request.async.WebAsyncManagerIntegrationFilter.doFilterInternal(WebAsyncManagerIntegrationFilter.java:62)
	at org.springframework.web.filter.OncePerRequestFilter.doFilter(OncePerRequestFilter.java:116)
	at org.springframework.security.web.FilterChainProxy$VirtualFilterChain.doFilter(FilterChainProxy.java:374)
	at org.springframework.security.web.session.DisableEncodeUrlFilter.doFilterInternal(DisableEncodeUrlFilter.java:42)
	at org.springframework.web.filter.OncePerRequestFilter.doFilter(OncePerRequestFilter.java:116)
	at org.springframework.security.web.FilterChainProxy$VirtualFilterChain.doFilter(FilterChainProxy.java:374)
	at org.springframework.security.web.FilterChainProxy.doFilterInternal(FilterChainProxy.java:233)
	at org.springframework.security.web.FilterChainProxy.doFilter(FilterChainProxy.java:191)
	at org.springframework.web.filter.CompositeFilter$VirtualFilterChain.doFilter(CompositeFilter.java:113)
	at org.springframework.web.filter.ServletRequestPathFilter.doFilter(ServletRequestPathFilter.java:52)
	at org.springframework.web.filter.CompositeFilter$VirtualFilterChain.doFilter(CompositeFilter.java:113)
	at org.springframework.web.filter.CompositeFilter.doFilter(CompositeFilter.java:74)
	at org.springframework.security.config.annotation.web.configuration.WebSecurityConfiguration$CompositeFilterChainProxy.doFilter(WebSecurityConfiguration.java:319)
	at org.springframework.web.filter.CompositeFilter$VirtualFilterChain.doFilter(CompositeFilter.java:113)
	at org.springframework.web.servlet.handler.HandlerMappingIntrospector.lambda$createCacheFilter$3(HandlerMappingIntrospector.java:243)
	at org.springframework.web.filter.CompositeFilter$VirtualFilterChain.doFilter(CompositeFilter.java:113)
	at org.springframework.web.filter.CompositeFilter.doFilter(CompositeFilter.java:74)
	at org.springframework.security.config.annotation.web.configuration.WebMvcSecurityConfiguration$CompositeFilterChainProxy.doFilter(WebMvcSecurityConfiguration.java:240)
	at org.springframework.web.filter.DelegatingFilterProxy.invokeDelegate(DelegatingFilterProxy.java:362)
	at org.springframework.web.filter.DelegatingFilterProxy.doFilter(DelegatingFilterProxy.java:278)
	at org.apache.catalina.core.ApplicationFilterChain.internalDoFilter(ApplicationFilterChain.java:164)
	at org.apache.catalina.core.ApplicationFilterChain.doFilter(ApplicationFilterChain.java:140)
	at org.springframework.web.filter.RequestContextFilter.doFilterInternal(RequestContextFilter.java:100)
	at org.springframework.web.filter.OncePerRequestFilter.doFilter(OncePerRequestFilter.java:116)
	at org.apache.catalina.core.ApplicationFilterChain.internalDoFilter(ApplicationFilterChain.java:164)
	at org.apache.catalina.core.ApplicationFilterChain.doFilter(ApplicationFilterChain.java:140)
	at org.springframework.web.filter.FormContentFilter.doFilterInternal(FormContentFilter.java:93)
	at org.springframework.web.filter.OncePerRequestFilter.doFilter(OncePerRequestFilter.java:116)
	at org.apache.catalina.core.ApplicationFilterChain.internalDoFilter(ApplicationFilterChain.java:164)
	at org.apache.catalina.core.ApplicationFilterChain.doFilter(ApplicationFilterChain.java:140)
	at org.springframework.web.filter.CharacterEncodingFilter.doFilterInternal(CharacterEncodingFilter.java:201)
	at org.springframework.web.filter.OncePerRequestFilter.doFilter(OncePerRequestFilter.java:116)
	at org.apache.catalina.core.ApplicationFilterChain.internalDoFilter(ApplicationFilterChain.java:164)
	at org.apache.catalina.core.ApplicationFilterChain.doFilter(ApplicationFilterChain.java:140)
	at org.apache.catalina.core.StandardWrapperValve.invoke(StandardWrapperValve.java:167)
	at org.apache.catalina.core.StandardContextValve.invoke(StandardContextValve.java:90)
	at org.apache.catalina.authenticator.AuthenticatorBase.invoke(AuthenticatorBase.java:483)
	at org.apache.catalina.core.StandardHostValve.invoke(StandardHostValve.java:116)
	at org.apache.catalina.valves.ErrorReportValve.invoke(ErrorReportValve.java:93)
	at org.apache.catalina.core.StandardEngineValve.invoke(StandardEngineValve.java:74)
	at org.apache.catalina.connector.CoyoteAdapter.service(CoyoteAdapter.java:344)
	at org.apache.coyote.http11.Http11Processor.service(Http11Processor.java:398)
	at org.apache.coyote.AbstractProcessorLight.process(AbstractProcessorLight.java:63)
	at org.apache.coyote.AbstractProtocol$ConnectionHandler.process(AbstractProtocol.java:903)
	at org.apache.tomcat.util.net.NioEndpoint$SocketProcessor.doRun(NioEndpoint.java:1740)
	at org.apache.tomcat.util.net.SocketProcessorBase.run(SocketProcessorBase.java:52)
	at org.apache.tomcat.util.threads.ThreadPoolExecutor.runWorker(ThreadPoolExecutor.java:1189)
	at org.apache.tomcat.util.threads.ThreadPoolExecutor$Worker.run(ThreadPoolExecutor.java:658)
	at org.apache.tomcat.util.threads.TaskThread$WrappingRunnable.run(TaskThread.java:63)
	at java.base/java.lang.Thread.run(Thread.java:1583)
[32m2025-06-02 10:08:55.010[0;39m [INFO] com.hexaware.roadready.car.restcontroller.ReservationsRestController [http-nio-8080-exec-4] API call: Add new reservation
[32m2025-06-02 10:08:55.011[0;39m [INFO] com.hexaware.roadready.car.service.ReservationsServiceImp [http-nio-8080-exec-4] Adding reservation for userId: 1
[32m2025-06-02 10:10:02.246[0;39m [INFO] com.hexaware.roadready.car.restcontroller.ReservationsRestController [http-nio-8080-exec-6] API call: Add new reservation
[32m2025-06-02 10:10:02.246[0;39m [INFO] com.hexaware.roadready.car.service.ReservationsServiceImp [http-nio-8080-exec-6] Adding reservation for userId: 1
[32m2025-06-02 10:12:51.800[0;39m [INFO] org.springframework.boot.admin.SpringApplicationAdminMXBeanRegistrar$SpringApplicationAdmin [RMI TCP Connection(57)-127.0.0.1] Application shutdown requested.
[32m2025-06-02 10:12:51.804[0;39m [INFO] org.springframework.boot.web.embedded.tomcat.GracefulShutdown [RMI TCP Connection(57)-127.0.0.1] Commencing graceful shutdown. Waiting for active requests to complete
[32m2025-06-02 10:12:51.810[0;39m [INFO] org.springframework.boot.web.embedded.tomcat.GracefulShutdown [tomcat-shutdown] Graceful shutdown complete
[32m2025-06-02 10:12:51.816[0;39m [INFO] org.springframework.orm.jpa.LocalContainerEntityManagerFactoryBean [RMI TCP Connection(57)-127.0.0.1] Closing JPA EntityManagerFactory for persistence unit 'default'
[32m2025-06-02 10:12:51.818[0;39m [INFO] com.zaxxer.hikari.HikariDataSource [RMI TCP Connection(57)-127.0.0.1] HikariPool-1 - Shutdown initiated...
[32m2025-06-02 10:12:51.825[0;39m [INFO] com.zaxxer.hikari.HikariDataSource [RMI TCP Connection(57)-127.0.0.1] HikariPool-1 - Shutdown completed.
[32m2025-06-02 10:12:54.391[0;39m [INFO] com.hexaware.roadready.car.CarRentalSystemApplication [main] Starting CarRentalSystemApplication using Java 21.0.6 with PID 16432 (C:\Users\KAVIYA\Documents\workspace-spring\CarRentalSystem\target\classes started by KAVIYA in C:\Users\KAVIYA\Documents\workspace-spring\CarRentalSystem)
[32m2025-06-02 10:12:54.393[0;39m [INFO] com.hexaware.roadready.car.CarRentalSystemApplication [main] No active profile set, falling back to 1 default profile: "default"
[32m2025-06-02 10:12:55.282[0;39m [INFO] org.springframework.data.repository.config.RepositoryConfigurationDelegate [main] Bootstrapping Spring Data JPA repositories in DEFAULT mode.
[32m2025-06-02 10:12:55.364[0;39m [INFO] org.springframework.data.repository.config.RepositoryConfigurationDelegate [main] Finished Spring Data repository scanning in 69 ms. Found 5 JPA repository interfaces.
[32m2025-06-02 10:12:55.924[0;39m [INFO] org.springframework.boot.web.embedded.tomcat.TomcatWebServer [main] Tomcat initialized with port 8080 (http)
[32m2025-06-02 10:12:55.941[0;39m [INFO] org.apache.catalina.core.StandardService [main] Starting service [Tomcat]
[32m2025-06-02 10:12:55.941[0;39m [INFO] org.apache.catalina.core.StandardEngine [main] Starting Servlet engine: [Apache Tomcat/10.1.41]
[32m2025-06-02 10:12:56.010[0;39m [INFO] org.apache.catalina.core.ContainerBase.[Tomcat].[localhost].[/] [main] Initializing Spring embedded WebApplicationContext
[32m2025-06-02 10:12:56.011[0;39m [INFO] org.springframework.boot.web.servlet.context.ServletWebServerApplicationContext [main] Root WebApplicationContext: initialization completed in 1567 ms
[32m2025-06-02 10:12:56.152[0;39m [INFO] org.hibernate.jpa.internal.util.LogHelper [main] HHH000204: Processing PersistenceUnitInfo [name: default]
[32m2025-06-02 10:12:56.248[0;39m [INFO] org.hibernate.Version [main] HHH000412: Hibernate ORM core version 6.6.15.Final
[32m2025-06-02 10:12:56.319[0;39m [INFO] org.hibernate.cache.internal.RegionFactoryInitiator [main] HHH000026: Second-level cache disabled
[32m2025-06-02 10:12:56.669[0;39m [INFO] org.springframework.orm.jpa.persistenceunit.SpringPersistenceUnitInfo [main] No LoadTimeWeaver setup: ignoring JPA class transformer
[32m2025-06-02 10:12:56.710[0;39m [INFO] com.zaxxer.hikari.HikariDataSource [main] HikariPool-1 - Starting...
[32m2025-06-02 10:12:57.176[0;39m [INFO] com.zaxxer.hikari.pool.HikariPool [main] HikariPool-1 - Added connection com.mysql.cj.jdbc.ConnectionImpl@6c75e3bc
[32m2025-06-02 10:12:57.178[0;39m [INFO] com.zaxxer.hikari.HikariDataSource [main] HikariPool-1 - Start completed.
[32m2025-06-02 10:12:57.392[0;39m [INFO] org.hibernate.orm.connections.pooling [main] HHH10001005: Database info:
	Database JDBC URL [Connecting through datasource 'HikariDataSource (HikariPool-1)']
	Database driver: undefined/unknown
	Database version: 8.0.41
	Autocommit mode: undefined/unknown
	Isolation level: undefined/unknown
	Minimum pool size: undefined/unknown
	Maximum pool size: undefined/unknown
[32m2025-06-02 10:12:58.554[0;39m [INFO] org.hibernate.engine.transaction.jta.platform.internal.JtaPlatformInitiator [main] HHH000489: No JTA platform available (set 'hibernate.transaction.jta.platform' to enable JTA platform integration)
[32m2025-06-02 10:12:59.008[0;39m [INFO] org.springframework.orm.jpa.LocalContainerEntityManagerFactoryBean [main] Initialized JPA EntityManagerFactory for persistence unit 'default'
[32m2025-06-02 10:12:59.489[0;39m [INFO] org.springframework.security.config.annotation.authentication.configuration.InitializeAuthenticationProviderBeanManagerConfigurer$InitializeAuthenticationProviderManagerConfigurer [main] Global AuthenticationManager configured with AuthenticationProvider bean with name authenticationProvider
[32m2025-06-02 10:12:59.489[0;39m [WARN] org.springframework.security.config.annotation.authentication.configuration.InitializeUserDetailsBeanManagerConfigurer$InitializeUserDetailsManagerConfigurer [main] Global AuthenticationManager configured with an AuthenticationProvider bean. UserDetailsService beans will not be used by Spring Security for automatically configuring username/password login. Consider removing the AuthenticationProvider bean. Alternatively, consider using the UserDetailsService in a manually instantiated DaoAuthenticationProvider. If the current configuration is intentional, to turn off this warning, increase the logging level of 'org.springframework.security.config.annotation.authentication.configuration.InitializeUserDetailsBeanManagerConfigurer' to ERROR
[32m2025-06-02 10:12:59.592[0;39m [WARN] org.springframework.boot.autoconfigure.orm.jpa.JpaBaseConfiguration$JpaWebConfiguration [main] spring.jpa.open-in-view is enabled by default. Therefore, database queries may be performed during view rendering. Explicitly configure spring.jpa.open-in-view to disable this warning
[32m2025-06-02 10:13:00.246[0;39m [INFO] org.springframework.boot.web.embedded.tomcat.TomcatWebServer [main] Tomcat started on port 8080 (http) with context path '/'
[32m2025-06-02 10:13:00.256[0;39m [INFO] com.hexaware.roadready.car.CarRentalSystemApplication [main] Started CarRentalSystemApplication in 6.406 seconds (process running for 7.136)
[32m2025-06-02 10:13:06.562[0;39m [INFO] org.apache.catalina.core.ContainerBase.[Tomcat].[localhost].[/] [http-nio-8080-exec-1] Initializing Spring DispatcherServlet 'dispatcherServlet'
[32m2025-06-02 10:13:06.562[0;39m [INFO] org.springframework.web.servlet.DispatcherServlet [http-nio-8080-exec-1] Initializing Servlet 'dispatcherServlet'
[32m2025-06-02 10:13:06.564[0;39m [INFO] org.springframework.web.servlet.DispatcherServlet [http-nio-8080-exec-1] Completed initialization in 2 ms
[32m2025-06-02 10:13:06.939[0;39m [INFO] com.hexaware.roadready.car.restcontroller.ReservationsRestController [http-nio-8080-exec-1] API call: Add new reservation
[32m2025-06-02 10:13:06.939[0;39m [INFO] com.hexaware.roadready.car.service.ReservationsServiceImp [http-nio-8080-exec-1] Adding reservation for userId: 1
[32m2025-06-02 10:13:07.591[0;39m [WARN] org.hibernate.engine.jdbc.spi.SqlExceptionHelper [http-nio-8080-exec-1] SQL Error: 1364, SQLState: HY000
[32m2025-06-02 10:13:07.591[0;39m [ERROR] org.hibernate.engine.jdbc.spi.SqlExceptionHelper [http-nio-8080-exec-1] Field 'reservation_id' doesn't have a default value
[32m2025-06-02 10:13:20.060[0;39m [INFO] com.hexaware.roadready.car.restcontroller.ReservationsRestController [http-nio-8080-exec-3] API call: Add new reservation
[32m2025-06-02 10:13:20.060[0;39m [INFO] com.hexaware.roadready.car.service.ReservationsServiceImp [http-nio-8080-exec-3] Adding reservation for userId: 1
[32m2025-06-02 10:13:20.071[0;39m [WARN] org.hibernate.engine.jdbc.spi.SqlExceptionHelper [http-nio-8080-exec-3] SQL Error: 1364, SQLState: HY000
[32m2025-06-02 10:13:20.071[0;39m [ERROR] org.hibernate.engine.jdbc.spi.SqlExceptionHelper [http-nio-8080-exec-3] Field 'reservation_id' doesn't have a default value
[32m2025-06-02 10:14:46.321[0;39m [INFO] org.springframework.boot.admin.SpringApplicationAdminMXBeanRegistrar$SpringApplicationAdmin [RMI TCP Connection(5)-127.0.0.1] Application shutdown requested.
[32m2025-06-02 10:14:46.323[0;39m [INFO] org.springframework.boot.web.embedded.tomcat.GracefulShutdown [RMI TCP Connection(5)-127.0.0.1] Commencing graceful shutdown. Waiting for active requests to complete
[32m2025-06-02 10:14:46.330[0;39m [INFO] org.springframework.boot.web.embedded.tomcat.GracefulShutdown [tomcat-shutdown] Graceful shutdown complete
[32m2025-06-02 10:14:46.334[0;39m [INFO] org.springframework.orm.jpa.LocalContainerEntityManagerFactoryBean [RMI TCP Connection(5)-127.0.0.1] Closing JPA EntityManagerFactory for persistence unit 'default'
[32m2025-06-02 10:14:46.336[0;39m [INFO] com.zaxxer.hikari.HikariDataSource [RMI TCP Connection(5)-127.0.0.1] HikariPool-1 - Shutdown initiated...
[32m2025-06-02 10:14:46.344[0;39m [INFO] com.zaxxer.hikari.HikariDataSource [RMI TCP Connection(5)-127.0.0.1] HikariPool-1 - Shutdown completed.
[32m2025-06-02 10:14:49.122[0;39m [INFO] com.hexaware.roadready.car.CarRentalSystemApplication [main] Starting CarRentalSystemApplication using Java 21.0.6 with PID 668 (C:\Users\KAVIYA\Documents\workspace-spring\CarRentalSystem\target\classes started by KAVIYA in C:\Users\KAVIYA\Documents\workspace-spring\CarRentalSystem)
[32m2025-06-02 10:14:49.124[0;39m [INFO] com.hexaware.roadready.car.CarRentalSystemApplication [main] No active profile set, falling back to 1 default profile: "default"
[32m2025-06-02 10:14:49.999[0;39m [INFO] org.springframework.data.repository.config.RepositoryConfigurationDelegate [main] Bootstrapping Spring Data JPA repositories in DEFAULT mode.
[32m2025-06-02 10:14:50.079[0;39m [INFO] org.springframework.data.repository.config.RepositoryConfigurationDelegate [main] Finished Spring Data repository scanning in 70 ms. Found 5 JPA repository interfaces.
[32m2025-06-02 10:14:50.634[0;39m [INFO] org.springframework.boot.web.embedded.tomcat.TomcatWebServer [main] Tomcat initialized with port 8080 (http)
[32m2025-06-02 10:14:50.651[0;39m [INFO] org.apache.catalina.core.StandardService [main] Starting service [Tomcat]
[32m2025-06-02 10:14:50.652[0;39m [INFO] org.apache.catalina.core.StandardEngine [main] Starting Servlet engine: [Apache Tomcat/10.1.41]
[32m2025-06-02 10:14:50.716[0;39m [INFO] org.apache.catalina.core.ContainerBase.[Tomcat].[localhost].[/] [main] Initializing Spring embedded WebApplicationContext
[32m2025-06-02 10:14:50.716[0;39m [INFO] org.springframework.boot.web.servlet.context.ServletWebServerApplicationContext [main] Root WebApplicationContext: initialization completed in 1549 ms
[32m2025-06-02 10:14:50.859[0;39m [INFO] org.hibernate.jpa.internal.util.LogHelper [main] HHH000204: Processing PersistenceUnitInfo [name: default]
[32m2025-06-02 10:14:50.924[0;39m [INFO] org.hibernate.Version [main] HHH000412: Hibernate ORM core version 6.6.15.Final
[32m2025-06-02 10:14:50.985[0;39m [INFO] org.hibernate.cache.internal.RegionFactoryInitiator [main] HHH000026: Second-level cache disabled
[32m2025-06-02 10:14:51.296[0;39m [INFO] org.springframework.orm.jpa.persistenceunit.SpringPersistenceUnitInfo [main] No LoadTimeWeaver setup: ignoring JPA class transformer
[32m2025-06-02 10:14:51.332[0;39m [INFO] com.zaxxer.hikari.HikariDataSource [main] HikariPool-1 - Starting...
[32m2025-06-02 10:14:51.813[0;39m [INFO] com.zaxxer.hikari.pool.HikariPool [main] HikariPool-1 - Added connection com.mysql.cj.jdbc.ConnectionImpl@a7bbdbc
[32m2025-06-02 10:14:51.815[0;39m [INFO] com.zaxxer.hikari.HikariDataSource [main] HikariPool-1 - Start completed.
[32m2025-06-02 10:14:52.072[0;39m [INFO] org.hibernate.orm.connections.pooling [main] HHH10001005: Database info:
	Database JDBC URL [Connecting through datasource 'HikariDataSource (HikariPool-1)']
	Database driver: undefined/unknown
	Database version: 8.0.41
	Autocommit mode: undefined/unknown
	Isolation level: undefined/unknown
	Minimum pool size: undefined/unknown
	Maximum pool size: undefined/unknown
[32m2025-06-02 10:14:53.197[0;39m [INFO] org.hibernate.engine.transaction.jta.platform.internal.JtaPlatformInitiator [main] HHH000489: No JTA platform available (set 'hibernate.transaction.jta.platform' to enable JTA platform integration)
[32m2025-06-02 10:14:53.725[0;39m [INFO] org.springframework.orm.jpa.LocalContainerEntityManagerFactoryBean [main] Initialized JPA EntityManagerFactory for persistence unit 'default'
[32m2025-06-02 10:14:54.194[0;39m [INFO] org.springframework.security.config.annotation.authentication.configuration.InitializeAuthenticationProviderBeanManagerConfigurer$InitializeAuthenticationProviderManagerConfigurer [main] Global AuthenticationManager configured with AuthenticationProvider bean with name authenticationProvider
[32m2025-06-02 10:14:54.195[0;39m [WARN] org.springframework.security.config.annotation.authentication.configuration.InitializeUserDetailsBeanManagerConfigurer$InitializeUserDetailsManagerConfigurer [main] Global AuthenticationManager configured with an AuthenticationProvider bean. UserDetailsService beans will not be used by Spring Security for automatically configuring username/password login. Consider removing the AuthenticationProvider bean. Alternatively, consider using the UserDetailsService in a manually instantiated DaoAuthenticationProvider. If the current configuration is intentional, to turn off this warning, increase the logging level of 'org.springframework.security.config.annotation.authentication.configuration.InitializeUserDetailsBeanManagerConfigurer' to ERROR
[32m2025-06-02 10:14:54.293[0;39m [WARN] org.springframework.boot.autoconfigure.orm.jpa.JpaBaseConfiguration$JpaWebConfiguration [main] spring.jpa.open-in-view is enabled by default. Therefore, database queries may be performed during view rendering. Explicitly configure spring.jpa.open-in-view to disable this warning
[32m2025-06-02 10:14:54.941[0;39m [INFO] org.springframework.boot.web.embedded.tomcat.TomcatWebServer [main] Tomcat started on port 8080 (http) with context path '/'
[32m2025-06-02 10:14:54.951[0;39m [INFO] com.hexaware.roadready.car.CarRentalSystemApplication [main] Started CarRentalSystemApplication in 6.377 seconds (process running for 7.105)
[32m2025-06-02 10:14:59.232[0;39m [INFO] org.apache.catalina.core.ContainerBase.[Tomcat].[localhost].[/] [http-nio-8080-exec-1] Initializing Spring DispatcherServlet 'dispatcherServlet'
[32m2025-06-02 10:14:59.232[0;39m [INFO] org.springframework.web.servlet.DispatcherServlet [http-nio-8080-exec-1] Initializing Servlet 'dispatcherServlet'
[32m2025-06-02 10:14:59.233[0;39m [INFO] org.springframework.web.servlet.DispatcherServlet [http-nio-8080-exec-1] Completed initialization in 1 ms
[32m2025-06-02 10:14:59.596[0;39m [INFO] com.hexaware.roadready.car.restcontroller.ReservationsRestController [http-nio-8080-exec-1] API call: Add new reservation
[32m2025-06-02 10:14:59.596[0;39m [INFO] com.hexaware.roadready.car.service.ReservationsServiceImp [http-nio-8080-exec-1] Adding reservation for userId: 1
[32m2025-06-02 10:15:23.630[0;39m [INFO] com.hexaware.roadready.car.restcontroller.ReservationsRestController [http-nio-8080-exec-4] API call: Add new reservation
[32m2025-06-02 10:15:23.630[0;39m [INFO] com.hexaware.roadready.car.service.ReservationsServiceImp [http-nio-8080-exec-4] Adding reservation for userId: 1
[32m2025-06-02 10:19:34.924[0;39m [INFO] com.hexaware.roadready.car.restcontroller.ReservationsRestController [http-nio-8080-exec-8] API call: Get reservation by ID
[32m2025-06-02 10:19:34.924[0;39m [INFO] com.hexaware.roadready.car.service.ReservationsServiceImp [http-nio-8080-exec-8] Fetching reservation with ID: 101
[32m2025-06-02 10:22:27.997[0;39m [INFO] com.hexaware.roadready.car.restcontroller.ReservationsRestController [http-nio-8080-exec-2] API call: Get reservation by ID
[32m2025-06-02 10:22:27.997[0;39m [INFO] com.hexaware.roadready.car.service.ReservationsServiceImp [http-nio-8080-exec-2] Fetching reservation with ID: 103
[32m2025-06-02 10:25:59.722[0;39m [INFO] com.hexaware.roadready.car.restcontroller.ReservationsRestController [http-nio-8080-exec-5] API call: Get reservation by ID
[32m2025-06-02 10:25:59.723[0;39m [INFO] com.hexaware.roadready.car.service.ReservationsServiceImp [http-nio-8080-exec-5] Fetching reservation with ID: 103
[32m2025-06-02 10:26:57.699[0;39m [INFO] com.hexaware.roadready.car.restcontroller.ReservationsRestController [http-nio-8080-exec-6] API call: Update reservation
[32m2025-06-02 10:26:57.699[0;39m [INFO] com.hexaware.roadready.car.service.ReservationsServiceImp [http-nio-8080-exec-6] Updating reservation with ID: 103
[32m2025-06-02 10:26:58.140[0;39m [INFO] com.hexaware.roadready.car.service.ReservationsServiceImp [http-nio-8080-exec-6] Reservation updated with ID: 103
[32m2025-06-02 10:27:38.186[0;39m [INFO] com.hexaware.roadready.car.restcontroller.ReservationsRestController [http-nio-8080-exec-7] API call: Get reservation by ID
[32m2025-06-02 10:27:38.187[0;39m [INFO] com.hexaware.roadready.car.service.ReservationsServiceImp [http-nio-8080-exec-7] Fetching reservation with ID: 103
[32m2025-06-02 10:28:19.495[0;39m [INFO] com.hexaware.roadready.car.restcontroller.ReservationsRestController [http-nio-8080-exec-8] API call: Update reservation
[32m2025-06-02 10:28:19.495[0;39m [INFO] com.hexaware.roadready.car.service.ReservationsServiceImp [http-nio-8080-exec-8] Updating reservation with ID: 103
[32m2025-06-02 10:28:19.668[0;39m [INFO] com.hexaware.roadready.car.service.ReservationsServiceImp [http-nio-8080-exec-8] Reservation updated with ID: 103
[32m2025-06-02 10:28:42.895[0;39m [INFO] com.hexaware.roadready.car.restcontroller.ReservationsRestController [http-nio-8080-exec-9] API call: Get reservation by ID
[32m2025-06-02 10:28:42.895[0;39m [INFO] com.hexaware.roadready.car.service.ReservationsServiceImp [http-nio-8080-exec-9] Fetching reservation with ID: 103
[32m2025-06-02 10:29:24.261[0;39m [INFO] com.hexaware.roadready.car.restcontroller.ReservationsRestController [http-nio-8080-exec-10] API call: Update reservation
[32m2025-06-02 10:29:24.262[0;39m [INFO] com.hexaware.roadready.car.service.ReservationsServiceImp [http-nio-8080-exec-10] Updating reservation with ID: 103
[32m2025-06-02 10:29:24.413[0;39m [INFO] com.hexaware.roadready.car.service.ReservationsServiceImp [http-nio-8080-exec-10] Reservation updated with ID: 103
[32m2025-06-02 10:29:49.947[0;39m [INFO] com.hexaware.roadready.car.restcontroller.ReservationsRestController [http-nio-8080-exec-2] API call: Get reservation by ID
[32m2025-06-02 10:29:49.947[0;39m [INFO] com.hexaware.roadready.car.service.ReservationsServiceImp [http-nio-8080-exec-2] Fetching reservation with ID: 103
[32m2025-06-02 10:30:18.711[0;39m [INFO] com.hexaware.roadready.car.restcontroller.ReservationsRestController [http-nio-8080-exec-1] API call: Update reservation
[32m2025-06-02 10:30:18.711[0;39m [INFO] com.hexaware.roadready.car.service.ReservationsServiceImp [http-nio-8080-exec-1] Updating reservation with ID: 103
[32m2025-06-02 10:30:18.743[0;39m [INFO] com.hexaware.roadready.car.service.ReservationsServiceImp [http-nio-8080-exec-1] Reservation updated with ID: 103
[32m2025-06-02 11:01:40.292[0;39m [INFO] org.springframework.boot.admin.SpringApplicationAdminMXBeanRegistrar$SpringApplicationAdmin [RMI TCP Connection(51)-127.0.0.1] Application shutdown requested.
[32m2025-06-02 11:01:40.297[0;39m [INFO] org.springframework.boot.web.embedded.tomcat.GracefulShutdown [RMI TCP Connection(51)-127.0.0.1] Commencing graceful shutdown. Waiting for active requests to complete
[32m2025-06-02 11:01:40.306[0;39m [INFO] org.springframework.boot.web.embedded.tomcat.GracefulShutdown [tomcat-shutdown] Graceful shutdown complete
[32m2025-06-02 11:01:40.314[0;39m [INFO] org.springframework.orm.jpa.LocalContainerEntityManagerFactoryBean [RMI TCP Connection(51)-127.0.0.1] Closing JPA EntityManagerFactory for persistence unit 'default'
[32m2025-06-02 11:01:40.319[0;39m [INFO] com.zaxxer.hikari.HikariDataSource [RMI TCP Connection(51)-127.0.0.1] HikariPool-1 - Shutdown initiated...
[32m2025-06-02 11:01:40.328[0;39m [INFO] com.zaxxer.hikari.HikariDataSource [RMI TCP Connection(51)-127.0.0.1] HikariPool-1 - Shutdown completed.
[32m2025-06-02 11:01:44.871[0;39m [INFO] com.hexaware.roadready.car.CarRentalSystemApplication [main] Starting CarRentalSystemApplication using Java 21.0.6 with PID 6248 (C:\Users\KAVIYA\Documents\workspace-spring\CarRentalSystem\target\classes started by KAVIYA in C:\Users\KAVIYA\Documents\workspace-spring\CarRentalSystem)
[32m2025-06-02 11:01:44.876[0;39m [INFO] com.hexaware.roadready.car.CarRentalSystemApplication [main] No active profile set, falling back to 1 default profile: "default"
[32m2025-06-02 11:01:47.258[0;39m [INFO] org.springframework.data.repository.config.RepositoryConfigurationDelegate [main] Bootstrapping Spring Data JPA repositories in DEFAULT mode.
[32m2025-06-02 11:01:47.499[0;39m [INFO] org.springframework.data.repository.config.RepositoryConfigurationDelegate [main] Finished Spring Data repository scanning in 201 ms. Found 5 JPA repository interfaces.
[32m2025-06-02 11:01:48.735[0;39m [INFO] org.springframework.boot.web.embedded.tomcat.TomcatWebServer [main] Tomcat initialized with port 8080 (http)
[32m2025-06-02 11:01:48.772[0;39m [INFO] org.apache.catalina.core.StandardService [main] Starting service [Tomcat]
[32m2025-06-02 11:01:48.773[0;39m [INFO] org.apache.catalina.core.StandardEngine [main] Starting Servlet engine: [Apache Tomcat/10.1.41]
[32m2025-06-02 11:01:48.923[0;39m [INFO] org.apache.catalina.core.ContainerBase.[Tomcat].[localhost].[/] [main] Initializing Spring embedded WebApplicationContext
[32m2025-06-02 11:01:48.924[0;39m [INFO] org.springframework.boot.web.servlet.context.ServletWebServerApplicationContext [main] Root WebApplicationContext: initialization completed in 3938 ms
[32m2025-06-02 11:01:49.263[0;39m [INFO] org.hibernate.jpa.internal.util.LogHelper [main] HHH000204: Processing PersistenceUnitInfo [name: default]
[32m2025-06-02 11:01:49.429[0;39m [INFO] org.hibernate.Version [main] HHH000412: Hibernate ORM core version 6.6.15.Final
[32m2025-06-02 11:01:49.593[0;39m [INFO] org.hibernate.cache.internal.RegionFactoryInitiator [main] HHH000026: Second-level cache disabled
[32m2025-06-02 11:01:50.347[0;39m [INFO] org.springframework.orm.jpa.persistenceunit.SpringPersistenceUnitInfo [main] No LoadTimeWeaver setup: ignoring JPA class transformer
[32m2025-06-02 11:01:50.448[0;39m [INFO] com.zaxxer.hikari.HikariDataSource [main] HikariPool-1 - Starting...
[32m2025-06-02 11:01:51.369[0;39m [INFO] com.zaxxer.hikari.pool.HikariPool [main] HikariPool-1 - Added connection com.mysql.cj.jdbc.ConnectionImpl@37364634
[32m2025-06-02 11:01:51.374[0;39m [INFO] com.zaxxer.hikari.HikariDataSource [main] HikariPool-1 - Start completed.
[32m2025-06-02 11:01:51.777[0;39m [INFO] org.hibernate.orm.connections.pooling [main] HHH10001005: Database info:
	Database JDBC URL [Connecting through datasource 'HikariDataSource (HikariPool-1)']
	Database driver: undefined/unknown
	Database version: 8.0.41
	Autocommit mode: undefined/unknown
	Isolation level: undefined/unknown
	Minimum pool size: undefined/unknown
	Maximum pool size: undefined/unknown
[32m2025-06-02 11:01:54.715[0;39m [INFO] org.hibernate.engine.transaction.jta.platform.internal.JtaPlatformInitiator [main] HHH000489: No JTA platform available (set 'hibernate.transaction.jta.platform' to enable JTA platform integration)
[32m2025-06-02 11:01:55.720[0;39m [INFO] org.springframework.orm.jpa.LocalContainerEntityManagerFactoryBean [main] Initialized JPA EntityManagerFactory for persistence unit 'default'
[32m2025-06-02 11:01:56.892[0;39m [INFO] org.springframework.security.config.annotation.authentication.configuration.InitializeAuthenticationProviderBeanManagerConfigurer$InitializeAuthenticationProviderManagerConfigurer [main] Global AuthenticationManager configured with AuthenticationProvider bean with name authenticationProvider
[32m2025-06-02 11:01:56.893[0;39m [WARN] org.springframework.security.config.annotation.authentication.configuration.InitializeUserDetailsBeanManagerConfigurer$InitializeUserDetailsManagerConfigurer [main] Global AuthenticationManager configured with an AuthenticationProvider bean. UserDetailsService beans will not be used by Spring Security for automatically configuring username/password login. Consider removing the AuthenticationProvider bean. Alternatively, consider using the UserDetailsService in a manually instantiated DaoAuthenticationProvider. If the current configuration is intentional, to turn off this warning, increase the logging level of 'org.springframework.security.config.annotation.authentication.configuration.InitializeUserDetailsBeanManagerConfigurer' to ERROR
[32m2025-06-02 11:01:57.171[0;39m [WARN] org.springframework.boot.autoconfigure.orm.jpa.JpaBaseConfiguration$JpaWebConfiguration [main] spring.jpa.open-in-view is enabled by default. Therefore, database queries may be performed during view rendering. Explicitly configure spring.jpa.open-in-view to disable this warning
[32m2025-06-02 11:01:58.533[0;39m [INFO] org.springframework.boot.web.embedded.tomcat.TomcatWebServer [main] Tomcat started on port 8080 (http) with context path '/'
[32m2025-06-02 11:01:58.556[0;39m [INFO] com.hexaware.roadready.car.CarRentalSystemApplication [main] Started CarRentalSystemApplication in 14.843 seconds (process running for 16.34)
[32m2025-06-02 11:02:05.074[0;39m [INFO] org.apache.catalina.core.ContainerBase.[Tomcat].[localhost].[/] [http-nio-8080-exec-1] Initializing Spring DispatcherServlet 'dispatcherServlet'
[32m2025-06-02 11:02:05.075[0;39m [INFO] org.springframework.web.servlet.DispatcherServlet [http-nio-8080-exec-1] Initializing Servlet 'dispatcherServlet'
[32m2025-06-02 11:02:05.078[0;39m [INFO] org.springframework.web.servlet.DispatcherServlet [http-nio-8080-exec-1] Completed initialization in 3 ms
[32m2025-06-02 11:02:07.641[0;39m [INFO] org.springdoc.api.AbstractOpenApiResource [http-nio-8080-exec-9] Init duration for springdoc-openapi is: 1783 ms
[32m2025-06-02 11:34:33.211[0;39m [INFO] com.hexaware.roadready.car.restcontroller.ReservationsRestController [http-nio-8080-exec-6] API call: Get reservation by ID
[32m2025-06-02 11:34:33.211[0;39m [INFO] com.hexaware.roadready.car.service.ReservationsServiceImp [http-nio-8080-exec-6] Fetching reservation with ID: 103
[32m2025-06-02 11:35:17.351[0;39m [INFO] com.hexaware.roadready.car.restcontroller.ReservationsRestController [http-nio-8080-exec-1] API call: Update reservation
[32m2025-06-02 11:35:17.351[0;39m [INFO] com.hexaware.roadready.car.service.ReservationsServiceImp [http-nio-8080-exec-1] Updating reservation with ID: 103
[32m2025-06-02 11:35:17.709[0;39m [INFO] com.hexaware.roadready.car.service.ReservationsServiceImp [http-nio-8080-exec-1] Reservation updated with ID: 103
[32m2025-06-02 11:37:34.256[0;39m [INFO] com.hexaware.roadready.car.restcontroller.ReservationsRestController [http-nio-8080-exec-3] API call: Get reservation by ID
[32m2025-06-02 11:37:34.257[0;39m [INFO] com.hexaware.roadready.car.service.ReservationsServiceImp [http-nio-8080-exec-3] Fetching reservation with ID: 103
[32m2025-06-02 11:43:37.906[0;39m [INFO] com.hexaware.roadready.car.restcontroller.ReservationsRestController [http-nio-8080-exec-4] API call: Update reservation
[32m2025-06-02 11:43:37.906[0;39m [INFO] com.hexaware.roadready.car.service.ReservationsServiceImp [http-nio-8080-exec-4] Updating reservation with ID: 103
[32m2025-06-02 11:43:38.056[0;39m [INFO] com.hexaware.roadready.car.service.ReservationsServiceImp [http-nio-8080-exec-4] Reservation updated with ID: 103
[32m2025-06-02 11:47:20.494[0;39m [INFO] com.hexaware.roadready.car.restcontroller.ReservationsRestController [http-nio-8080-exec-5] API call: Get reservation by ID
[32m2025-06-02 11:47:20.495[0;39m [INFO] com.hexaware.roadready.car.service.ReservationsServiceImp [http-nio-8080-exec-5] Fetching reservation with ID: 103
[32m2025-06-02 13:00:30.962[0;39m [INFO] com.hexaware.roadready.car.restcontroller.ReservationsRestController [http-nio-8080-exec-7] API call: Get reservation by ID
[32m2025-06-02 13:00:30.963[0;39m [INFO] com.hexaware.roadready.car.service.ReservationsServiceImp [http-nio-8080-exec-7] Fetching reservation with ID: 103
[32m2025-06-02 13:02:21.075[0;39m [INFO] com.hexaware.roadready.car.restcontroller.ReservationsRestController [http-nio-8080-exec-2] API call: Update reservation
[32m2025-06-02 13:02:21.076[0;39m [INFO] com.hexaware.roadready.car.service.ReservationsServiceImp [http-nio-8080-exec-2] Updating reservation with ID: 103
[32m2025-06-02 13:02:21.512[0;39m [INFO] com.hexaware.roadready.car.service.ReservationsServiceImp [http-nio-8080-exec-2] Reservation updated with ID: 103
